[01m[K/home/sdn/ntp/Robotics-Odometry_Control/01_ros2/bumperbot_ws/src/bumperbot_cpp_examples/src/simple_publisher.cpp:[m[K In constructor â€˜[01m[KSimplePublisher::SimplePublisher()[m[Kâ€™:
[01m[K/home/sdn/ntp/Robotics-Odometry_Control/01_ros2/bumperbot_ws/src/bumperbot_cpp_examples/src/simple_publisher.cpp:10:15:[m[K [01;31m[Kerror: [m[Kexpected â€˜[01m[K;[m[Kâ€™ before â€˜[01m[Kcreate_wall_timer[m[Kâ€™
   10 |         timer_[01;31m[K [m[K[32m[Kcreate_wall_timer[m[K(1s, std::bind(&SimplePublisher::timer_callback, this)); //bind timer_callback of &SimplePublisher to the parameters of create_wall_timer and pass the object ('this') to indicate which object's timer_callback to call.
      |               [01;31m[K^[m[K[32m[K~~~~~~~~~~~~~~~~~[m[K
      |               [32m[K;[m[K
[01m[K/home/sdn/ntp/Robotics-Odometry_Control/01_ros2/bumperbot_ws/src/bumperbot_cpp_examples/src/simple_publisher.cpp:10:9:[m[K [01;35m[Kwarning: [m[Kstatement has no effect [[01;35m[K-Wunused-value[m[K]
   10 |         [01;35m[Ktimer_[m[K create_wall_timer(1s, std::bind(&SimplePublisher::timer_callback, this)); //bind timer_callback of &SimplePublisher to the parameters of create_wall_timer and pass the object ('this') to indicate which object's timer_callback to call.
      |         [01;35m[K^~~~~~[m[K
make[2]: *** [CMakeFiles/simple_publisher.dir/build.make:63: CMakeFiles/simple_publisher.dir/src/simple_publisher.cpp.o] Error 1
make[1]: *** [CMakeFiles/Makefile2:78: CMakeFiles/simple_publisher.dir/all] Error 2
make: *** [Makefile:141: all] Error 2
