[0.025s] Invoking command in '/home/sdn/ntp/Robotics-Odometry_Control/01_ros2/bumperbot_ws/build/bumperbot_cpp_examples': CMAKE_PREFIX_PATH=/opt/ros/galactic /usr/bin/cmake --build /home/sdn/ntp/Robotics-Odometry_Control/01_ros2/bumperbot_ws/build/bumperbot_cpp_examples -- -j8 -l8
[0.098s] [35m[1mScanning dependencies of target simple_publisher[0m
[0.131s] [ 50%] [32mBuilding CXX object CMakeFiles/simple_publisher.dir/src/simple_publisher.cpp.o[0m
[2.674s] [01m[K/home/sdn/ntp/Robotics-Odometry_Control/01_ros2/bumperbot_ws/src/bumperbot_cpp_examples/src/simple_publisher.cpp:[m[K In constructor â€˜[01m[KSimplePublisher::SimplePublisher()[m[Kâ€™:
[2.674s] [01m[K/home/sdn/ntp/Robotics-Odometry_Control/01_ros2/bumperbot_ws/src/bumperbot_cpp_examples/src/simple_publisher.cpp:10:15:[m[K [01;31m[Kerror: [m[Kexpected â€˜[01m[K;[m[Kâ€™ before â€˜[01m[Kcreate_wall_timer[m[Kâ€™
[2.675s]    10 |         timer_[01;31m[K [m[K[32m[Kcreate_wall_timer[m[K(1s, std::bind(&SimplePublisher::timer_callback, this)); //bind timer_callback of &SimplePublisher to the parameters of create_wall_timer and pass the object ('this') to indicate which object's timer_callback to call.
[2.675s]       |               [01;31m[K^[m[K[32m[K~~~~~~~~~~~~~~~~~[m[K
[2.675s]       |               [32m[K;[m[K
[2.675s] [01m[K/home/sdn/ntp/Robotics-Odometry_Control/01_ros2/bumperbot_ws/src/bumperbot_cpp_examples/src/simple_publisher.cpp:10:9:[m[K [01;35m[Kwarning: [m[Kstatement has no effect [[01;35m[K-Wunused-value[m[K]
[2.675s]    10 |         [01;35m[Ktimer_[m[K create_wall_timer(1s, std::bind(&SimplePublisher::timer_callback, this)); //bind timer_callback of &SimplePublisher to the parameters of create_wall_timer and pass the object ('this') to indicate which object's timer_callback to call.
[2.675s]       |         [01;35m[K^~~~~~[m[K
[4.020s] make[2]: *** [CMakeFiles/simple_publisher.dir/build.make:63: CMakeFiles/simple_publisher.dir/src/simple_publisher.cpp.o] Error 1
[4.020s] make[1]: *** [CMakeFiles/Makefile2:78: CMakeFiles/simple_publisher.dir/all] Error 2
[4.021s] make: *** [Makefile:141: all] Error 2
[4.025s] Invoked command in '/home/sdn/ntp/Robotics-Odometry_Control/01_ros2/bumperbot_ws/build/bumperbot_cpp_examples' returned '2': CMAKE_PREFIX_PATH=/opt/ros/galactic /usr/bin/cmake --build /home/sdn/ntp/Robotics-Odometry_Control/01_ros2/bumperbot_ws/build/bumperbot_cpp_examples -- -j8 -l8
