[01m[K/home/sdn/ntp/Robotics-Odometry_Control/01_ros2/bumperbot_ws/src/bumperbot_cpp_examples/src/simple_publisher.cpp:19:9:[m[K [01;31m[Kerror: [m[Kâ€˜[01m[Krcpcpp[m[Kâ€™ does not name a type; did you mean â€˜[01m[Krclcpp[m[Kâ€™?
   19 |         [01;31m[Krcpcpp[m[K::TimerBase::SharedPtr timer_;
      |         [01;31m[K^~~~~~[m[K
      |         [32m[Krclcpp[m[K
[01m[K/home/sdn/ntp/Robotics-Odometry_Control/01_ros2/bumperbot_ws/src/bumperbot_cpp_examples/src/simple_publisher.cpp:[m[K In constructor â€˜[01m[KSimplePublisher::SimplePublisher()[m[Kâ€™:
[01m[K/home/sdn/ntp/Robotics-Odometry_Control/01_ros2/bumperbot_ws/src/bumperbot_cpp_examples/src/simple_publisher.cpp:11:13:[m[K [01;31m[Kerror: [m[Kâ€˜[01m[Ktimer[m[Kâ€™ was not declared in this scope; did you mean â€˜[01m[Ktime[m[Kâ€™?
   11 |             [01;31m[Ktimer[m[K = create_wall_timer(1s, std::bind(&SimplePublisher::timerCallback, this));
      |             [01;31m[K^~~~~[m[K
      |             [32m[Ktime[m[K
[01m[K/home/sdn/ntp/Robotics-Odometry_Control/01_ros2/bumperbot_ws/src/bumperbot_cpp_examples/src/simple_publisher.cpp:11:71:[m[K [01;31m[Kerror: [m[Kâ€˜[01m[KtimerCallback[m[Kâ€™ is not a member of â€˜[01m[KSimplePublisher[m[Kâ€™
   11 |             timer = create_wall_timer(1s, std::bind(&SimplePublisher::[01;31m[KtimerCallback[m[K, this));
      |                                                                       [01;31m[K^~~~~~~~~~~~~[m[K
make[2]: *** [CMakeFiles/simple_publisher.dir/build.make:63: CMakeFiles/simple_publisher.dir/src/simple_publisher.cpp.o] Error 1
make[1]: *** [CMakeFiles/Makefile2:78: CMakeFiles/simple_publisher.dir/all] Error 2
make: *** [Makefile:141: all] Error 2
