[01m[K/home/sdn/ntp/Robotics-Odometry_Control/01_ros2/bumperbot_ws/src/bumperbot_cpp_examples/src/simple_publisher.cpp:3:9:[m[K [01;31m[Kfatal error: [m[Kstd::chrono::seconds: No such file or directory
    3 | #include[01;31m[K<std::chrono::seconds>[m[K
      |         [01;31m[K^~~~~~~~~~~~~~~~~~~~~~[m[K
compilation terminated.
make[2]: *** [CMakeFiles/simple_publisher.dir/build.make:63: CMakeFiles/simple_publisher.dir/src/simple_publisher.cpp.o] Error 1
make[1]: *** [CMakeFiles/Makefile2:78: CMakeFiles/simple_publisher.dir/all] Error 2
make: *** [Makefile:141: all] Error 2
